This is pdfTeX, Version 3.14159265-2.6-1.40.15 (TeX Live 2014) (preloaded format=pdflatex 2015.5.13)  24 JUL 2015 17:46
entering extended mode
 restricted \write18 enabled.
 %&-line parsing enabled.
**formalism.tex
(./formalism.tex
LaTeX2e <2014/05/01>
Babel <3.9l> and hyphenation patterns for 79 languages loaded.

(/nfs/nfs5-insecure/home/insecure-ro/software/rhel6_x86_64/texlive-2014/texmf-d
ist/tex/latex/base/article.cls
Document Class: article 2014/09/29 v1.4h Standard LaTeX document class

(/nfs/nfs5-insecure/home/insecure-ro/software/rhel6_x86_64/texlive-2014/texmf-d
ist/tex/latex/base/size10.clo
File: size10.clo 2014/09/29 v1.4h Standard LaTeX file (size option)
)
\c@part=\count79
\c@section=\count80
\c@subsection=\count81
\c@subsubsection=\count82
\c@paragraph=\count83
\c@subparagraph=\count84
\c@figure=\count85
\c@table=\count86
\abovecaptionskip=\skip41
\belowcaptionskip=\skip42
\bibindent=\dimen102
)
(/nfs/nfs5-insecure/home/insecure-ro/software/rhel6_x86_64/texlive-2014/texmf-d
ist/tex/latex/psnfss/mathpazo.sty
Package: mathpazo 2005/04/12 PSNFSS-v9.2a Palatino w/ Pazo Math (D.Puga, WaS) 
\symupright=\mathgroup4
)
(/nfs/nfs5-insecure/home/insecure-ro/software/rhel6_x86_64/texlive-2014/texmf-d
ist/tex/latex/float/float.sty
Package: float 2001/11/08 v1.3d Float enhancements (AL)
\c@float@type=\count87
\float@exts=\toks14
\float@box=\box26
\@float@everytoks=\toks15
\@floatcapt=\box27
)

! LaTeX Error: File `lstlisting.sty' not found.

Type X to quit or <RETURN> to proceed,
or enter new name. (Default extension: sty)

Enter file name: s

! LaTeX Error: File `s.sty' not found.

Type X to quit or <RETURN> to proceed,
or enter new name. (Default extension: sty)

Enter file name: x

 )
(\end occurred when \ifx on line 6 was incomplete)
(\end occurred when \ifx on line 6 was incomplete)
(\end occurred when \ifx on line 6 was incomplete) 
Here is how much of TeX's memory you used:
 318 strings out of 493109
 4236 string characters out of 6138588
 53697 words of memory out of 5000000
 3863 multiletter control sequences out of 15000+600000
 3640 words of font info for 14 fonts, out of 8000000 for 9000
 1141 hyphenation exceptions out of 8191
 23i,1n,19p,146b,36s stack positions out of 5000i,500n,10000p,200000b,80000s

No pages of output.
PDF statistics:
 0 PDF objects out of 1000 (max. 8388607)
 0 named destinations out of 1000 (max. 500000)
 1 words of extra memory for PDF output out of 10000 (max. 10000000)

